<?xml version="1.0" encoding="UTF-8"?>
<!-- Generated by org.testng.reporters.JUnitReportReporter -->
<testsuite hostname="LAPTOP-PCCUKN8F" failures="0" tests="1" name="com.automation.tests.AutomationScripts" time="52.337" errors="0" timestamp="2023-06-19T12:56:25 CDT" skipped="0">
  <testcase classname="com.automation.tests.AutomationScripts" name="user_Menu_MySettings_07" time="52.337"/>
  <system-out/>
</testsuite> <!-- com.automation.tests.AutomationScripts -->
